<?xml version="1.0" encoding="UTF-8"?>
<!-- Generated by org.testng.reporters.JUnitReportReporter -->
<testsuite skipped="0" hostname="DESKTOP-POFN5K0" name="com.orangehrm.tests.SeleniumEasy" tests="3" failures="0" timestamp="01 Oct 2021 17:52:13 GMT" time="0.021" errors="0">
  <testcase name="printMsg3" time="0.002" classname="com.orangehrm.tests.SeleniumEasy"/>
  <testcase name="printMsg1" time="0.016" classname="com.orangehrm.tests.SeleniumEasy"/>
  <testcase name="printMsg2" time="0.003" classname="com.orangehrm.tests.SeleniumEasy"/>
</testsuite> <!-- com.orangehrm.tests.SeleniumEasy -->
