<?xml version="1.0" encoding="UTF-8"?>
<!-- Generated by org.testng.reporters.JUnitReportReporter -->
<testsuite skipped="0" hostname="DESKTOP-POFN5K0" name="com.orangehrm.tests.dataprovidertest" tests="8" failures="0" timestamp="01 Oct 2021 13:47:54 GMT" time="0.049" errors="0">
  <testcase name="myTest" time="0.007" classname="com.orangehrm.tests.dataprovidertest"/>
  <testcase name="myTest" time="0.006" classname="com.orangehrm.tests.dataprovidertest"/>
  <testcase name="myTest" time="0.005" classname="com.orangehrm.tests.dataprovidertest"/>
  <testcase name="myTest" time="0.006" classname="com.orangehrm.tests.dataprovidertest"/>
  <testcase name="myTest" time="0.003" classname="com.orangehrm.tests.dataprovidertest"/>
  <testcase name="myTest" time="0.007" classname="com.orangehrm.tests.dataprovidertest"/>
  <testcase name="myTest" time="0.002" classname="com.orangehrm.tests.dataprovidertest"/>
  <testcase name="myTest" time="0.013" classname="com.orangehrm.tests.dataprovidertest"/>
</testsuite> <!-- com.orangehrm.tests.dataprovidertest -->
