<?xml version="1.0" encoding="UTF-8"?>
<!-- Generated by org.testng.reporters.JUnitReportReporter -->
<testsuite skipped="0" hostname="DESKTOP-POFN5K0" name="com.orangehrm.tests.LoginTest" tests="7" failures="0" timestamp="01 Oct 2021 12:07:47 GMT" time="12.111" errors="0">
  <testcase name="loginPageHeaderTest" time="0.089" classname="com.orangehrm.tests.LoginTest"/>
  <testcase name="login_NegativeTest" time="1.296" classname="com.orangehrm.tests.LoginTest"/>
  <testcase name="login_NegativeTest" time="1.109" classname="com.orangehrm.tests.LoginTest"/>
  <testcase name="login_NegativeTest" time="1.601" classname="com.orangehrm.tests.LoginTest"/>
  <testcase name="login_NegativeTest" time="1.986" classname="com.orangehrm.tests.LoginTest"/>
  <testcase name="login_NegativeTest" time="1.288" classname="com.orangehrm.tests.LoginTest"/>
  <testcase name="loginTest" time="4.742" classname="com.orangehrm.tests.LoginTest"/>
</testsuite> <!-- com.orangehrm.tests.LoginTest -->
